<?xml version="1.0" encoding="UTF-8"?>
<!-- Generated by org.testng.reporters.JUnitXMLReporter -->
<testsuite hostname="Gopimanisri" failures="0" tests="8" name="Test" time="356.307" errors="0" timestamp="22 Nov 2021 05:32:47 GMT">
  <testcase classname="runner.TestRunner" name="runScenario" time="109.225"/>
  <testcase classname="runner.TestRunner" name="runScenario" time="41.085"/>
  <testcase classname="runner.TestRunner" name="runScenario" time="43.449"/>
  <testcase classname="runner.TestRunner" name="runScenario" time="30.258"/>
  <testcase classname="runner.TestRunner" name="runScenario" time="33.451"/>
  <testcase classname="runner.TestRunner" name="runScenario" time="37.153"/>
  <testcase classname="runner.TestRunner" name="runScenario" time="21.499"/>
  <testcase classname="runner.TestRunner" name="runScenario" time="38.757"/>
</testsuite> <!-- Test -->
